#
# A fatal error has been detected by the Java Runtime Environment:
#
#  SIGSEGV (0xb) at pc=0x00007ff814aeebe7, pid=6005, tid=259
#
# JRE version: OpenJDK Runtime Environment Temurin-17.0.9+9 (17.0.9+9) (build 17.0.9+9)
# Java VM: OpenJDK 64-Bit Server VM Temurin-17.0.9+9 (17.0.9+9, mixed mode, tiered, compressed oops, compressed class ptrs, g1 gc, bsd-amd64)
# Problematic frame:
# C  [QuartzCore+0x3be7]  CA::Transaction::run_commit_handlers(CATransactionPhase)+0x5f
#
# No core dump will be written. Core dumps have been disabled. To enable core dumping, try "ulimit -c unlimited" before starting Java again
#
# If you would like to submit a bug report, please visit:
#   https://github.com/adoptium/adoptium-support/issues
# The crash happened outside the Java Virtual Machine in native code.
# See problematic frame for where to report the bug.
#

---------------  S U M M A R Y ------------

Command Line: -Dfile.encoding=UTF-8 --module-path=/Users/macbookair/JM/SistemaSolar/build/classes mygame.Main

Host: "MacBookAir7,2" x86_64 1800 MHz, 4 cores, 8G, Darwin 21.6.0, macOS 12.7.3 (21H1015)
Time: Mon Mar  4 20:43:54 2024 CST elapsed time: 5.203321 seconds (0d 0h 0m 5s)

---------------  T H R E A D  ---------------

Current thread (0x00007f866c81c200):  JavaThread "AppKit Thread" daemon [_thread_in_native, id=259, stack(0x00007ff7b0882000,0x00007ff7b1082000)]

Stack: [0x00007ff7b0882000,0x00007ff7b1082000],  sp=0x00007ff7b107cd60,  free space=8171k
Native frames: (J=compiled Java code, j=interpreted, Vv=VM code, C=native code)
C  [QuartzCore+0x3be7]  CA::Transaction::run_commit_handlers(CATransactionPhase)+0x5f
C  [QuartzCore+0x179071]  CA::Context::commit_transaction(CA::Transaction*, double, double*)+0x36b
C  [QuartzCore+0x2a89]  CA::Transaction::commit()+0x309
C  [AppKit+0x1ab191]  __62+[CATransaction(NSCATransaction) NS_setFlushesWithDisplayLink]_block_invoke+0x11d
C  [AppKit+0x8f2f1c]  ___NSRunLoopObserverCreateWithHandler_block_invoke+0x29
C  [CoreFoundation+0x7f450]  __CFRUNLOOP_IS_CALLING_OUT_TO_AN_OBSERVER_CALLBACK_FUNCTION__+0x17
C  [CoreFoundation+0x7f2e2]  __CFRunLoopDoObservers+0x21f
C  [CoreFoundation+0x7e774]  __CFRunLoopRun+0x348
C  [CoreFoundation+0x7dd6c]  CFRunLoopRunSpecific+0x232
C  [HIToolbox+0x2e5e6]  RunCurrentEventLoopInMode+0x124
C  [HIToolbox+0x2e34a]  ReceiveNextEventCommon+0x252
C  [HIToolbox+0x2e0e5]  _BlockUntilNextEventMatchingListInModeWithFilter+0x46
C  [AppKit+0x3ef6d]  _DPSNextEvent+0x39f
C  [AppKit+0x3d62a]  -[NSApplication(NSEvent) _nextEventMatchingEventMask:untilDate:inMode:dequeue:]+0x572
C  [libosxapp.dylib+0x456a]  -[NSApplicationAWT nextEventMatchingMask:untilDate:inMode:dequeue:]+0x7a
C  [AppKit+0x2fcd9]  -[NSApplication run]+0x24a
C  [libosxapp.dylib+0x4339]  +[NSApplicationAWT runAWTLoopWithApp:]+0xa9
C  [libawt_lwawt.dylib+0x72ad0]  +[AWTStarter starter:headless:]+0x1f0
C  [libosxapp.dylib+0x600f]  +[ThreadUtilities invokeBlockCopy:]+0xf
C  [Foundation+0x814f7]  __NSThreadPerformPerform+0xb3
C  [CoreFoundation+0x800ab]  __CFRUNLOOP_IS_CALLING_OUT_TO_A_SOURCE0_PERFORM_FUNCTION__+0x11
C  [CoreFoundation+0x80013]  __CFRunLoopDoSource0+0xb4
C  [CoreFoundation+0x7fd8d]  __CFRunLoopDoSources0+0xf2
C  [CoreFoundation+0x7e7a8]  __CFRunLoopRun+0x37c
C  [CoreFoundation+0x7dd6c]  CFRunLoopRunSpecific+0x232
C  [libjli.dylib+0xafa2]  CreateExecutionEnvironment+0x182
C  [libjli.dylib+0x6d1c]  JLI_Launch+0x59c
C  [java+0x3c11]  main+0x191
C  0x000000010f7e852e


siginfo: si_signo: 11 (SIGSEGV), si_code: 0 (unknown), si_addr: 0x0000000000000000

Registers:
RAX=0x00007f866d977878, RBX=0x00007f866f70a860, RCX=0x0000000000000000, RDX=0x0000000000000003
RSP=0x00007ff7b107cd60, RBP=0x00007ff7b107cd90, RSI=0x0000000000000084, RDI=0x000060000302e7c0
R8 =0x0000000000000000, R9 =0x0000000000000000, R10=0x00000000ffffff00, R11=0x00007f866f707198
R12=0x0000000000000003, R13=0x0000000000000000, R14=0x00007f866d977800, R15=0x00007f866d9778c8
RIP=0x00007ff814aeebe7, EFLAGS=0x0000000000010246, ERR=0x0000000000000000
  TRAPNO=0x000000000000000d


Register to memory mapping:

RAX=0x00007f866d977878 points into unknown readable memory: 0x0000000000000001 | 01 00 00 00 00 00 00 00
RBX=0x00007f866f70a860 points into unknown readable memory: 0x000060000302e7c0 | c0 e7 02 03 00 60 00 00
RCX=0x0 is NULL
RDX=0x0000000000000003 is an unknown value
RSP=0x00007ff7b107cd60 is pointing into the stack for thread: 0x00007f866c81c200
RBP=0x00007ff7b107cd90 is pointing into the stack for thread: 0x00007f866c81c200
RSI=0x0000000000000084 is an unknown value
RDI=0x000060000302e7c0 points into unknown readable memory: 0x6c6700218cda0001 | 01 00 da 8c 21 00 67 6c
R8 =0x0 is NULL
R9 =0x0 is NULL
R10=0x00000000ffffff00 is an unknown value
R11=0x00007f866f707198 points into unknown readable memory: 0x0000000000000000 | 00 00 00 00 00 00 00 00
R12=0x0000000000000003 is an unknown value
R13=0x0 is NULL
R14=0x00007f866d977800 points into unknown readable memory: 0x0000000000000000 | 00 00 00 00 00 00 00 00
R15=0x00007f866d9778c8 points into unknown readable memory: 0x00007f866f70a860 | 60 a8 70 6f 86 7f 00 00


Top of Stack: (sp=0x00007ff7b107cd60)
0x00007ff7b107cd60:   00007ff7b107d1d0 0000000000000002
0x00007ff7b107cd70:   00007ff7b107d1d0 00007f866d977800
0x00007ff7b107cd80:   00007f866f707050 0000000000000002
0x00007ff7b107cd90:   00007ff7b107d370 00007ff814c64071
0x00007ff7b107cda0:   0000000000000002 00007ff7b107d3f8
0x00007ff7b107cdb0:   0000000000000000 00007ff7b107d150
0x00007ff7b107cdc0:   00007ff80d808e10 00007ff80d806200
0x00007ff7b107cdd0:   00007ff7b107ce10 40d4f3c857e88464
0x00007ff7b107cde0:   0000000000000000 0000600003ead1a0
0x00007ff7b107cdf0:   00007ff84ef56520 cf371e29f42b00b7
0x00007ff7b107ce00:   0000000000000000 00007ff7b107cf40
0x00007ff7b107ce10:   00007ff7b107d130 00007ff810623851
0x00007ff7b107ce20:   0000000000000000 00007f866d977800
0x00007ff7b107ce30:   0000000000000000 00007f866d00c0a8
0x00007ff7b107ce40:   0000000000000004 0000600000564000
0x00007ff7b107ce50:   00007ff7b107cef0 00007ff80d9c1d32
0x00007ff7b107ce60:   409a4000301ebbc8 4090680000000000
0x00007ff7b107ce70:   00007f866c7edb30 0000000100000001
0x00007ff7b107ce80:   000000010f7e1080 00007ff82fbc3f88
0x00007ff7b107ce90:   0000000000000002 00006000030d8000
0x00007ff7b107cea0:   000000010efa4000 00006000030d8330
0x00007ff7b107ceb0:   00000030301eb880 0000000000000002
0x00007ff7b107cec0:   0000000000000002 00006000030d8000
0x00007ff7b107ced0:   000000010efa4000 00006000030d8360
0x00007ff7b107cee0:   00000030b107cf40 0000000000000002
0x00007ff7b107cef0:   0000000000000002 000000010efa4000
0x00007ff7b107cf00:   000000010efa4400 0000000000000003
0x00007ff7b107cf10:   00007ff7b107cf70 00007ff80d78d677
0x00007ff7b107cf20:   0000000000000001 0000000000000002
0x00007ff7b107cf30:   0000000000000002 00007f866d977800
0x00007ff7b107cf40:   00007f866f707170 0000000000000000
0x00007ff7b107cf50:   7ff0000000000000 0000000000000000 

Instructions: (pc=0x00007ff814aeebe7)
0x00007ff814aeeae7:   ff fd fc ff ff fd fc ff ff d5 fe ff ff d5 fe ff
0x00007ff814aeeaf7:   ff 65 ff ff ff 6e ff ff ff e1 fe ff ff eb fe ff
0x00007ff814aeeb07:   ff e1 fe ff ff eb fe ff ff 7a ff ff ff 50 fe ff
0x00007ff814aeeb17:   ff fa fd ff ff 74 fc ff ff 74 fc ff ff 9f fc ff
0x00007ff814aeeb27:   ff 9f fc ff ff d4 fc ff ff d4 fc ff ff 1b fd ff
0x00007ff814aeeb37:   ff 1b fd ff ff 1b fd ff ff 1b fd ff ff e6 fe ff
0x00007ff814aeeb47:   ff f9 fe ff ff c6 fd ff ff 40 fc ff ff 40 fc ff
0x00007ff814aeeb57:   ff 6b fc ff ff 6b fc ff ff a0 fc ff ff a0 fc ff
0x00007ff814aeeb67:   ff e7 fc ff ff e7 fc ff ff e7 fc ff ff e7 fc ff
0x00007ff814aeeb77:   ff d3 fd ff ff e2 fd ff ff 90 90 90 90 90 90 90
0x00007ff814aeeb87:   90 55 48 89 e5 41 57 41 56 41 55 41 54 53 50 41
0x00007ff814aeeb97:   89 f4 49 89 fe 48 8b 7f 68 e8 d3 00 00 00 48 83
0x00007ff814aeeba7:   38 00 0f 84 9c 00 00 00 49 89 c7 49 8b 46 68 8b
0x00007ff814aeebb7:   b0 b8 00 00 00 44 89 e2 45 31 ed bf cd 01 ca 31
0x00007ff814aeebc7:   31 c9 45 31 c0 e8 df de 2a 00 49 8b 46 68 44 89
0x00007ff814aeebd7:   60 2c 49 8b 1f 48 85 db 74 36 45 31 ed 48 8b 3b
0x00007ff814aeebe7:   ff 57 10 48 8b 3b e8 9a db 2a 00 48 8b 5b 08 41
0x00007ff814aeebf7:   ff c5 48 85 db 75 e6 49 8b 3f 48 85 ff 74 11 48
0x00007ff814aeec07:   8b 5f 08 e8 6b de 2a 00 48 89 df 48 85 db 75 ef
0x00007ff814aeec17:   44 89 ee 49 c7 07 00 00 00 00 49 8b 46 68 c7 40
0x00007ff814aeec27:   2c ff ff ff ff bf ce 01 ca 31 31 d2 31 c9 45 31
0x00007ff814aeec37:   c0 48 83 c4 08 5b 41 5c 41 5d 41 5e 41 5f 5d e9
0x00007ff814aeec47:   65 de 2a 00 48 83 c4 08 5b 41 5c 41 5d 41 5e 41
0x00007ff814aeec57:   5f 5d c3 48 89 c3 bf ce 01 ca 31 31 f6 31 d2 31
0x00007ff814aeec67:   c9 45 31 c0 e8 40 de 2a 00 48 89 df e8 3e db 2a
0x00007ff814aeec77:   00 55 48 89 e5 41 56 53 48 83 ec 10 48 89 fb 48
0x00007ff814aeec87:   8b 05 6b 8b 8d 3a 48 8b 00 48 89 45 e8 83 fe 05
0x00007ff814aeec97:   77 18 89 f0 48 8d 0d a6 00 00 00 48 63 04 81 48
0x00007ff814aeeca7:   01 c8 ff e0 48 83 c3 38 eb 74 e8 1e a9 01 00 84
0x00007ff814aeecb7:   c0 74 2a 48 8d 35 91 b4 2d 00 31 ff 31 c0 e8 7d
0x00007ff814aeecc7:   5e 10 00 eb 55 48 83 c3 48 eb 53 48 83 c3 50 eb
0x00007ff814aeecd7:   4d 48 83 c3 30 eb 47 48 83 c3 58 eb 41 4c 8b 35 


Stack slot to memory mapping:
stack at sp + 0 slots: 0x00007ff7b107d1d0 is pointing into the stack for thread: 0x00007f866c81c200
stack at sp + 1 slots: 0x0000000000000002 is an unknown value
stack at sp + 2 slots: 0x00007ff7b107d1d0 is pointing into the stack for thread: 0x00007f866c81c200
stack at sp + 3 slots: 0x00007f866d977800 points into unknown readable memory: 0x0000000000000000 | 00 00 00 00 00 00 00 00
stack at sp + 4 slots: 0x00007f866f707050 points into unknown readable memory: 0x0000400000000002 | 02 00 00 00 00 40 00 00
stack at sp + 5 slots: 0x0000000000000002 is an unknown value
stack at sp + 6 slots: 0x00007ff7b107d370 is pointing into the stack for thread: 0x00007f866c81c200
stack at sp + 7 slots: 0x00007ff814c64071: _ZN2CA7Context18commit_transactionEPNS_11TransactionEdPd+0x36b in /System/Library/Frameworks/QuartzCore.framework/Versions/A/QuartzCore at 0x00007ff814aeb000


---------------  P R O C E S S  ---------------

Threads class SMR info:
_java_thread_list=0x0000600003e630a0, length=20, elements={
0x00007f866d80f200, 0x00007f866c819800, 0x00007f866e808800, 0x00007f866d090c00,
0x00007f866e814000, 0x00007f866e814600, 0x00007f866e817200, 0x00007f866e81f800,
0x00007f866c819e00, 0x00007f866e888600, 0x00007f866c81c200, 0x00007f866d95dc00,
0x00007f866e8c3400, 0x00007f866d256400, 0x00007f866c8d1400, 0x00007f866d294400,
0x00007f866d9f7a00, 0x00007f866c9d8e00, 0x00007f866d9f0a00, 0x00007f866da7ea00
}

Java Threads: ( => current thread )
  0x00007f866d80f200 JavaThread "Reference Handler" daemon [_thread_blocked, id=15107, stack(0x0000700010430000,0x0000700010530000)]
  0x00007f866c819800 JavaThread "Finalizer" daemon [_thread_blocked, id=16387, stack(0x0000700010533000,0x0000700010633000)]
  0x00007f866e808800 JavaThread "Signal Dispatcher" daemon [_thread_blocked, id=42499, stack(0x000070001073c000,0x000070001083c000)]
  0x00007f866d090c00 JavaThread "Service Thread" daemon [_thread_blocked, id=23299, stack(0x000070001083f000,0x000070001093f000)]
  0x00007f866e814000 JavaThread "Monitor Deflation Thread" daemon [_thread_blocked, id=23555, stack(0x0000700010942000,0x0000700010a42000)]
  0x00007f866e814600 JavaThread "C2 CompilerThread0" daemon [_thread_blocked, id=24067, stack(0x0000700010a45000,0x0000700010b45000)]
  0x00007f866e817200 JavaThread "C1 CompilerThread0" daemon [_thread_blocked, id=41987, stack(0x0000700010b48000,0x0000700010c48000)]
  0x00007f866e81f800 JavaThread "Sweeper thread" daemon [_thread_blocked, id=24835, stack(0x0000700010c4b000,0x0000700010d4b000)]
  0x00007f866c819e00 JavaThread "Common-Cleaner" daemon [_thread_blocked, id=25347, stack(0x0000700010d4e000,0x0000700010e4e000)]
  0x00007f866e888600 JavaThread "Notification Thread" daemon [_thread_blocked, id=41731, stack(0x0000700010e51000,0x0000700010f51000)]
=>0x00007f866c81c200 JavaThread "AppKit Thread" daemon [_thread_in_native, id=259, stack(0x00007ff7b0882000,0x00007ff7b1082000)]
  0x00007f866d95dc00 JavaThread "AWT-Shutdown" [_thread_blocked, id=34051, stack(0x0000700011057000,0x0000700011157000)]
  0x00007f866e8c3400 JavaThread "AWT-EventQueue-0" [_thread_blocked, id=80131, stack(0x0000700011366000,0x0000700011466000)]
  0x00007f866d256400 JavaThread "Java2D Queue Flusher" daemon [_thread_blocked, id=54019, stack(0x0000700011469000,0x0000700011569000)]
  0x00007f866c8d1400 JavaThread "Java2D Disposer" daemon [_thread_blocked, id=75779, stack(0x000070001156c000,0x000070001166c000)]
  0x00007f866d294400 JavaThread "Timer-0" daemon [_thread_blocked, id=60679, stack(0x000070001166f000,0x000070001176f000)]
  0x00007f866d9f7a00 JavaThread "Image Fetcher 0" daemon [_thread_blocked, id=61191, stack(0x0000700011772000,0x0000700011872000)]
  0x00007f866c9d8e00 JavaThread "TimerQueue" daemon [_thread_blocked, id=71947, stack(0x0000700011875000,0x0000700011975000)]
  0x00007f866d9f0a00 JavaThread "jME3 Main" [_thread_in_vm, id=71435, stack(0x0000700011c81000,0x0000700011d81000)]
  0x00007f866da7ea00 JavaThread "DestroyJavaVM" [_thread_blocked, id=6403, stack(0x000070000fd1b000,0x000070000fe1b000)]

Other Threads:
  0x00007f866e305a20 VMThread "VM Thread" [stack: 0x000070001032d000,0x000070001042d000] [id=16643]
  0x00007f866e3166f0 WatcherThread [stack: 0x0000700010f54000,0x0000700011054000] [id=26115]
  0x00007f866e004ae0 GCTaskThread "GC Thread#0" [stack: 0x000070000fe1e000,0x000070000ff1e000] [id=11779]
  0x00007f866e2461e0 GCTaskThread "GC Thread#1" [stack: 0x0000700011978000,0x0000700011a78000] [id=65047]
  0x00007f866e246660 GCTaskThread "GC Thread#2" [stack: 0x0000700011a7b000,0x0000700011b7b000] [id=65283]
  0x00007f866c7f7f90 GCTaskThread "GC Thread#3" [stack: 0x0000700011b7e000,0x0000700011c7e000] [id=69123]
  0x00007f866e005190 ConcurrentGCThread "G1 Main Marker" [stack: 0x000070000ff21000,0x0000700010021000] [id=12035]
  0x00007f866e005a20 ConcurrentGCThread "G1 Conc#0" [stack: 0x0000700010024000,0x0000700010124000] [id=12547]
  0x00007f866c707390 ConcurrentGCThread "G1 Refine#0" [stack: 0x0000700010127000,0x0000700010227000] [id=18435]
  0x00007f866e3051b0 ConcurrentGCThread "G1 Service" [stack: 0x000070001022a000,0x000070001032a000] [id=18179]

Threads with active compile tasks:

VM state: not at safepoint (normal execution)

VM Mutex/Monitor currently owned by a thread: None

Heap address: 0x0000000780000000, size: 2048 MB, Compressed Oops mode: Zero based, Oop shift amount: 3

CDS archive(s) not mapped
Compressed class space mapped at: 0x0000000800000000-0x0000000840000000, reserved size: 1073741824
Narrow klass base: 0x0000000800000000, Narrow klass shift: 0, Narrow klass range: 0x40000000

GC Precious Log:
 CPUs: 4 total, 4 available
 Memory: 8192M
 Large Page Support: Disabled
 NUMA Support: Disabled
 Compressed Oops: Enabled (Zero based)
 Heap Region Size: 1M
 Heap Min Capacity: 8M
 Heap Initial Capacity: 128M
 Heap Max Capacity: 2G
 Pre-touch: Disabled
 Parallel Workers: 4
 Concurrent Workers: 1
 Concurrent Refinement Workers: 4
 Periodic GC: Disabled

Heap:
 garbage-first heap   total 20480K, used 7455K [0x0000000780000000, 0x0000000800000000)
  region size 1024K, 3 young (3072K), 0 survivors (0K)
 Metaspace       used 20741K, committed 20928K, reserved 1114112K
  class space    used 2194K, committed 2304K, reserved 1048576K

Heap Regions: E=young(eden), S=young(survivor), O=old, HS=humongous(starts), HC=humongous(continues), CS=collection set, F=free, OA=open archive, CA=closed archive, TAMS=top-at-mark-start (previous, next)
|   0|0x0000000780000000, 0x0000000780100000, 0x0000000780100000|100%|HS|  |TAMS 0x0000000780100000, 0x0000000780000000| Untracked 
|   1|0x0000000780100000, 0x00000007801fab20, 0x0000000780200000| 97%| O|  |TAMS 0x0000000780100000, 0x0000000780100000| Untracked 
|   2|0x0000000780200000, 0x0000000780300000, 0x0000000780300000|100%| O|  |TAMS 0x0000000780300000, 0x0000000780200000| Untracked 
|   3|0x0000000780300000, 0x00000007803ff710, 0x0000000780400000| 99%| O|  |TAMS 0x0000000780300000, 0x0000000780300000| Untracked 
|   4|0x0000000780400000, 0x000000078040f428, 0x0000000780500000|  5%| O|  |TAMS 0x0000000780400000, 0x0000000780400000| Untracked 
|   5|0x0000000780500000, 0x0000000780500000, 0x0000000780600000|  0%| F|  |TAMS 0x0000000780500000, 0x0000000780500000| Untracked 
|   6|0x0000000780600000, 0x0000000780600000, 0x0000000780700000|  0%| F|  |TAMS 0x0000000780600000, 0x0000000780600000| Untracked 
|   7|0x0000000780700000, 0x0000000780700000, 0x0000000780800000|  0%| F|  |TAMS 0x0000000780700000, 0x0000000780700000| Untracked 
|   8|0x0000000780800000, 0x0000000780800000, 0x0000000780900000|  0%| F|  |TAMS 0x0000000780800000, 0x0000000780800000| Untracked 
|   9|0x0000000780900000, 0x0000000780900000, 0x0000000780a00000|  0%| F|  |TAMS 0x0000000780900000, 0x0000000780900000| Untracked 
|  10|0x0000000780a00000, 0x0000000780a00000, 0x0000000780b00000|  0%| F|  |TAMS 0x0000000780a00000, 0x0000000780a00000| Untracked 
|  11|0x0000000780b00000, 0x0000000780b00000, 0x0000000780c00000|  0%| F|  |TAMS 0x0000000780b00000, 0x0000000780b00000| Untracked 
|  12|0x0000000780c00000, 0x0000000780c00000, 0x0000000780d00000|  0%| F|  |TAMS 0x0000000780c00000, 0x0000000780c00000| Untracked 
|  13|0x0000000780d00000, 0x0000000780d00000, 0x0000000780e00000|  0%| F|  |TAMS 0x0000000780d00000, 0x0000000780d00000| Untracked 
|  14|0x0000000780e00000, 0x0000000780e00000, 0x0000000780f00000|  0%| F|  |TAMS 0x0000000780e00000, 0x0000000780e00000| Untracked 
|  15|0x0000000780f00000, 0x0000000780f9dc18, 0x0000000781000000| 61%| E|  |TAMS 0x0000000780f00000, 0x0000000780f00000| Complete 
|  16|0x0000000781000000, 0x0000000781100000, 0x0000000781100000|100%| E|CS|TAMS 0x0000000781000000, 0x0000000781000000| Complete 
|  17|0x0000000781100000, 0x0000000781200000, 0x0000000781200000|100%| E|CS|TAMS 0x0000000781100000, 0x0000000781100000| Complete 
|  26|0x0000000781a00000, 0x0000000781afffe8, 0x0000000781b00000| 99%| O|  |TAMS 0x0000000781afffe8, 0x0000000781a00000| Untracked 
|  27|0x0000000781b00000, 0x0000000781b3e7a0, 0x0000000781c00000| 24%| O|  |TAMS 0x0000000781b00000, 0x0000000781b00000| Untracked 

Card table byte_map: [0x000000010f89b000,0x000000010fc9b000] _byte_map_base: 0x000000010bc9b000

Marking Bits (Prev, Next): (CMBitMap*) 0x00007f866d81e210, (CMBitMap*) 0x00007f866d81e250
 Prev Bits: [0x000000012855d000, 0x000000012a55d000)
 Next Bits: [0x000000012a55d000, 0x000000012c55d000)

Polling page: 0x000000010efad000

Metaspace:

Usage:
  Non-class:     18.20 MB used.
      Class:      2.14 MB used.
       Both:     20.35 MB used.

Virtual space:
  Non-class space:       64.00 MB reserved,      18.31 MB ( 29%) committed,  1 nodes.
      Class space:        1.00 GB reserved,       2.25 MB ( <1%) committed,  1 nodes.
             Both:        1.06 GB reserved,      20.56 MB (  2%) committed. 

Chunk freelists:
   Non-Class:  13.64 MB
       Class:  13.67 MB
        Both:  27.31 MB

MaxMetaspaceSize: unlimited
CompressedClassSpaceSize: 1.00 GB
Initial GC threshold: 21.00 MB
Current GC threshold: 31.56 MB
CDS: off
MetaspaceReclaimPolicy: balanced
 - commit_granule_bytes: 65536.
 - commit_granule_words: 8192.
 - virtual_space_node_default_size: 8388608.
 - enlarge_chunks_in_place: 1.
 - new_chunks_are_fully_committed: 0.
 - uncommit_free_chunks: 1.
 - use_allocation_guard: 0.
 - handle_deallocations: 1.


Internal statistics:

num_allocs_failed_limit: 0.
num_arena_births: 156.
num_arena_deaths: 0.
num_vsnodes_births: 2.
num_vsnodes_deaths: 0.
num_space_committed: 328.
num_space_uncommitted: 0.
num_chunks_returned_to_freelist: 0.
num_chunks_taken_from_freelist: 290.
num_chunk_merges: 0.
num_chunk_splits: 181.
num_chunks_enlarged: 113.
num_inconsistent_stats: 0.

CodeHeap 'non-profiled nmethods': size=120032Kb used=429Kb max_used=429Kb free=119602Kb
 bounds [0x0000000121025000, 0x0000000121295000, 0x000000012855d000]
CodeHeap 'profiled nmethods': size=120028Kb used=2154Kb max_used=2154Kb free=117873Kb
 bounds [0x000000011955d000, 0x00000001197cd000, 0x0000000120a94000]
CodeHeap 'non-nmethods': size=5700Kb used=1343Kb max_used=1353Kb free=4356Kb
 bounds [0x0000000120a94000, 0x0000000120d04000, 0x0000000121025000]
 total_blobs=2086 nmethods=1396 adapters=604
 compilation: enabled
              stopped_count=0, restarted_count=0
 full_count=0

Compilation events (20 events):
Event: 5.089 Thread 0x00007f866e817200 1386       3       java.lang.String::indexOf (18 bytes)
Event: 5.090 Thread 0x00007f866e817200 nmethod 1386 0x0000000119774f10 code [0x00000001197750e0, 0x00000001197753a0]
Event: 5.090 Thread 0x00007f866e817200 1387       3       java.lang.String::indexOf (113 bytes)
Event: 5.090 Thread 0x00007f866e817200 nmethod 1387 0x0000000119775510 code [0x0000000119775740, 0x0000000119775d60]
Event: 5.091 Thread 0x00007f866e817200 1389       3       java.util.jar.Attributes::getValue (9 bytes)
Event: 5.092 Thread 0x00007f866e817200 nmethod 1389 0x0000000119775f10 code [0x00000001197760c0, 0x00000001197763e0]
Event: 5.092 Thread 0x00007f866e817200 1390       3       java.util.jar.Attributes::get (11 bytes)
Event: 5.092 Thread 0x00007f866e817200 nmethod 1390 0x0000000119776510 code [0x00000001197766c0, 0x00000001197768a0]
Event: 5.100 Thread 0x00007f866e817200 1391       3       java.nio.ByteBuffer::position (8 bytes)
Event: 5.100 Thread 0x00007f866e817200 nmethod 1391 0x0000000119776990 code [0x0000000119776b40, 0x0000000119776c80]
Event: 5.149 Thread 0x00007f866e817200 1394       1       java.lang.reflect.Field::getType (5 bytes)
Event: 5.150 Thread 0x00007f866e817200 nmethod 1394 0x000000012108fe90 code [0x0000000121090020, 0x00000001210900f0]
Event: 5.150 Thread 0x00007f866e817200 1393       1       java.lang.reflect.Field::getDeclaringClass (5 bytes)
Event: 5.150 Thread 0x00007f866e817200 nmethod 1393 0x0000000121090190 code [0x0000000121090320, 0x00000001210903f0]
Event: 5.150 Thread 0x00007f866e817200 1395       1       java.lang.reflect.Field::getRoot (5 bytes)
Event: 5.150 Thread 0x00007f866e817200 nmethod 1395 0x0000000121090490 code [0x0000000121090620, 0x00000001210906f0]
Event: 5.150 Thread 0x00007f866e817200 1396       3       java.lang.reflect.Field::setFieldAccessor (34 bytes)
Event: 5.151 Thread 0x00007f866e817200 nmethod 1396 0x0000000119776d10 code [0x0000000119776ee0, 0x0000000119777320]
Event: 5.151 Thread 0x00007f866e817200 1392       3       java.util.HashSet::isEmpty (8 bytes)
Event: 5.151 Thread 0x00007f866e817200 nmethod 1392 0x0000000119777410 code [0x00000001197775c0, 0x0000000119777810]

GC Heap History (4 events):
Event: 4.833 GC heap before
{Heap before GC invocations=0 (full 0):
 garbage-first heap   total 131072K, used 13312K [0x0000000780000000, 0x0000000800000000)
  region size 1024K, 13 young (13312K), 0 survivors (0K)
 Metaspace       used 19139K, committed 19392K, reserved 1114112K
  class space    used 2064K, committed 2176K, reserved 1048576K
}
Event: 4.883 GC heap after
{Heap after GC invocations=1 (full 1):
 garbage-first heap   total 20480K, used 5218K [0x0000000780000000, 0x0000000800000000)
  region size 1024K, 0 young (0K), 0 survivors (0K)
 Metaspace       used 19139K, committed 19392K, reserved 1114112K
  class space    used 2064K, committed 2176K, reserved 1048576K
}
Event: 4.898 GC heap before
{Heap before GC invocations=1 (full 1):
 garbage-first heap   total 20480K, used 5218K [0x0000000780000000, 0x0000000800000000)
  region size 1024K, 1 young (1024K), 0 survivors (0K)
 Metaspace       used 19182K, committed 19456K, reserved 1114112K
  class space    used 2070K, committed 2176K, reserved 1048576K
}
Event: 4.914 GC heap after
{Heap after GC invocations=2 (full 2):
 garbage-first heap   total 20480K, used 5407K [0x0000000780000000, 0x0000000800000000)
  region size 1024K, 0 young (0K), 0 survivors (0K)
 Metaspace       used 19182K, committed 19456K, reserved 1114112K
  class space    used 2070K, committed 2176K, reserved 1048576K
}

Dll operation events (12 events):
Event: 0.011 Loaded shared library /Applications/jmonkeyplatform.app/Contents/Resources/jmonkeyplatform/jdk/lib/libjava.dylib
Event: 0.110 Loaded shared library /Applications/jmonkeyplatform.app/Contents/Resources/jmonkeyplatform/jdk/lib/libnio.dylib
Event: 0.268 Loaded shared library /Applications/jmonkeyplatform.app/Contents/Resources/jmonkeyplatform/jdk/lib/libzip.dylib
Event: 0.425 Loaded shared library /Applications/jmonkeyplatform.app/Contents/Resources/jmonkeyplatform/jdk/lib/libjimage.dylib
Event: 0.571 Loaded shared library /Applications/jmonkeyplatform.app/Contents/Resources/jmonkeyplatform/jdk/lib/libawt.dylib
Event: 0.575 Loaded shared library /Applications/jmonkeyplatform.app/Contents/Resources/jmonkeyplatform/jdk/lib/libawt_lwawt.dylib
Event: 0.626 Loaded shared library /Applications/jmonkeyplatform.app/Contents/Resources/jmonkeyplatform/jdk/lib/libfontmanager.dylib
Event: 1.454 Loaded shared library /Applications/jmonkeyplatform.app/Contents/Resources/jmonkeyplatform/jdk/lib/libosxui.dylib
Event: 1.625 Loaded shared library /Applications/jmonkeyplatform.app/Contents/Resources/jmonkeyplatform/jdk/lib/libprefs.dylib
Event: 1.758 Loaded shared library /Applications/jmonkeyplatform.app/Contents/Resources/jmonkeyplatform/jdk/lib/libjavajpeg.dylib
Event: 4.994 Loaded shared library /Users/macbookair/JM/SistemaSolar/libopenal.dylib
Event: 5.016 Loaded shared library /Users/macbookair/JM/SistemaSolar/liblwjgl.dylib

Deoptimization events (20 events):
Event: 1.965 Thread 0x00007f866e8c3400 DEOPT PACKING pc=0x000000012105c4ec sp=0x0000700011463800
Event: 1.965 Thread 0x00007f866e8c3400 DEOPT UNPACKING pc=0x0000000120aea699 sp=0x00007000114637a0 mode 2
Event: 3.173 Thread 0x00007f866e8c3400 Uncommon trap: trap_request=0xffffff45 fr.pc=0x0000000121070060 relative=0x00000000000004a0
Event: 3.173 Thread 0x00007f866e8c3400 Uncommon trap: reason=unstable_if action=reinterpret pc=0x0000000121070060 method=java.lang.StringLatin1.toLowerCase(Ljava/lang/String;[BLjava/util/Locale;)Ljava/lang/String; @ 43 c2
Event: 3.173 Thread 0x00007f866e8c3400 DEOPT PACKING pc=0x0000000121070060 sp=0x0000700011463b60
Event: 3.173 Thread 0x00007f866e8c3400 DEOPT UNPACKING pc=0x0000000120aea699 sp=0x0000700011463af0 mode 2
Event: 3.487 Thread 0x00007f866c9d8e00 DEOPT PACKING pc=0x000000011970098a sp=0x0000700011974930
Event: 3.487 Thread 0x00007f866c9d8e00 DEOPT UNPACKING pc=0x0000000120aeae2f sp=0x0000700011973df0 mode 3
Event: 4.779 Thread 0x00007f866e8c3400 Uncommon trap: trap_request=0xffffff76 fr.pc=0x00000001210652c0 relative=0x00000000000004a0
Event: 4.779 Thread 0x00007f866e8c3400 Uncommon trap: reason=predicate action=maybe_recompile pc=0x00000001210652c0 method=java.util.StringTokenizer.skipDelimiters(I)I @ 17 c2
Event: 4.779 Thread 0x00007f866e8c3400 DEOPT PACKING pc=0x00000001210652c0 sp=0x00007000114647e0
Event: 4.779 Thread 0x00007f866e8c3400 DEOPT UNPACKING pc=0x0000000120aea699 sp=0x0000700011464798 mode 2
Event: 4.779 Thread 0x00007f866e8c3400 Uncommon trap: trap_request=0xffffff45 fr.pc=0x000000012105be80 relative=0x0000000000000460
Event: 4.779 Thread 0x00007f866e8c3400 Uncommon trap: reason=unstable_if action=reinterpret pc=0x000000012105be80 method=java.util.StringTokenizer.scanToken(I)I @ 96 c2
Event: 4.779 Thread 0x00007f866e8c3400 DEOPT PACKING pc=0x000000012105be80 sp=0x00007000114647f0
Event: 4.779 Thread 0x00007f866e8c3400 DEOPT UNPACKING pc=0x0000000120aea699 sp=0x0000700011464790 mode 2
Event: 4.983 Thread 0x00007f866d9f0a00 Uncommon trap: trap_request=0xffffffc6 fr.pc=0x0000000121064148 relative=0x0000000000000468
Event: 4.983 Thread 0x00007f866d9f0a00 Uncommon trap: reason=bimorphic_or_optimized_type_check action=maybe_recompile pc=0x0000000121064148 method=java.util.HashMap.getNode(Ljava/lang/Object;)Ljava/util/HashMap$Node; @ 128 c2
Event: 4.983 Thread 0x00007f866d9f0a00 DEOPT PACKING pc=0x0000000121064148 sp=0x0000700011d803a0
Event: 4.983 Thread 0x00007f866d9f0a00 DEOPT UNPACKING pc=0x0000000120aea699 sp=0x0000700011d802d8 mode 2

Classes unloaded (0 events):
No events

Classes redefined (0 events):
No events

Internal exceptions (20 events):
Event: 0.624 Thread 0x00007f866d01e400 Exception <a 'java/lang/ClassNotFoundException'{0x0000000787a024e8}: sun/awt/resources/spi/awtosxProvider> (0x0000000787a024e8) 
thrown [src/hotspot/share/classfile/systemDictionary.cpp, line 256]
Event: 1.314 Thread 0x00007f866e8c3400 Exception <a 'java/lang/NoSuchMethodError'{0x0000000787aae488}: 'void java.lang.invoke.DirectMethodHandle$Holder.invokeStatic(java.lang.Object, java.lang.Object)'> (0x0000000787aae488) 
thrown [src/hotspot/share/interpreter/linkResolver.cpp, line 759]
Event: 1.463 Thread 0x00007f866e8c3400 Exception <a 'java/lang/NoSuchMethodError'{0x0000000787923be8}: 'void java.lang.invoke.DirectMethodHandle$Holder.invokeStaticInit(java.lang.Object)'> (0x0000000787923be8) 
thrown [src/hotspot/share/interpreter/linkResolver.cpp, line 759]
Event: 1.511 Thread 0x00007f866e8c3400 Exception <a 'java/lang/NoSuchMethodError'{0x0000000787946bc8}: 'java.lang.Object java.lang.invoke.DirectMethodHandle$Holder.newInvokeSpecial(java.lang.Object, java.lang.Object, java.lang.Object, java.lang.Object, java.lang.Object)'> (0x0000000787946bc8) 
thrown [src/hotspot/share/interpreter/linkResolver.cpp, line 759]
Event: 1.517 Thread 0x00007f866e8c3400 Exception <a 'java/lang/NoSuchMethodError'{0x0000000787952590}: 'java.lang.Object java.lang.invoke.DirectMethodHandle$Holder.invokeStatic(java.lang.Object, int, java.lang.Object, java.lang.Object, java.lang.Object, java.lang.Object)'> (0x0000000787952590) 
thrown [src/hotspot/share/interpreter/linkResolver.cpp, line 759]
Event: 1.531 Thread 0x00007f866e8c3400 Exception <a 'java/lang/NoSuchMethodError'{0x0000000787977c80}: 'java.lang.Object java.lang.invoke.DirectMethodHandle$Holder.invokeStatic(java.lang.Object, int, java.lang.Object)'> (0x0000000787977c80) 
thrown [src/hotspot/share/interpreter/linkResolver.cpp, line 759]
Event: 1.545 Thread 0x00007f866e8c3400 Exception <a 'java/lang/ClassNotFoundException'{0x00000007879aa130}: com/apple/laf/resources/spi/aquaProvider> (0x00000007879aa130) 
thrown [src/hotspot/share/classfile/systemDictionary.cpp, line 256]
Event: 1.584 Thread 0x00007f866e8c3400 Exception <a 'java/lang/ClassNotFoundException'{0x000000078781c5b0}: com/sun/swing/internal/plaf/basic/resources/spi/basicProvider> (0x000000078781c5b0) 
thrown [src/hotspot/share/classfile/systemDictionary.cpp, line 256]
Event: 1.601 Thread 0x00007f866e8c3400 Exception <a 'java/lang/NoSuchMethodError'{0x000000078783a4f0}: 'java.lang.Object java.lang.invoke.DirectMethodHandle$Holder.invokeInterface(java.lang.Object, java.lang.Object)'> (0x000000078783a4f0) 
thrown [src/hotspot/share/interpreter/linkResolver.cpp, line 759]
Event: 1.645 Thread 0x00007f866e8c3400 Exception <a 'java/io/FileNotFoundException'{0x00000007878680b8}> (0x00000007878680b8) 
thrown [src/hotspot/share/prims/jni.cpp, line 516]
Event: 1.766 Thread 0x00007f866d9f7a00 Exception <a 'java/lang/NoSuchMethodError'{0x000000078760f8b0}: 'java.lang.Object java.lang.invoke.DirectMethodHandle$Holder.newInvokeSpecial(java.lang.Object, java.lang.Object, java.lang.Object, int, int, int, int, int)'> (0x000000078760f8b0) 
thrown [src/hotspot/share/interpreter/linkResolver.cpp, line 759]
Event: 1.880 Thread 0x00007f866e8c3400 Exception <a 'java/lang/NoSuchMethodError'{0x000000078756a810}: 'java.lang.Object java.lang.invoke.DirectMethodHandle$Holder.newInvokeSpecial(java.lang.Object, java.lang.Object, java.lang.Object, int, java.lang.Object)'> (0x000000078756a810) 
thrown [src/hotspot/share/interpreter/linkResolver.cpp, line 759]
Event: 1.911 Thread 0x00007f866e8c3400 Exception <a 'java/lang/NoSuchMethodError'{0x00000007875834e0}: 'java.lang.Object java.lang.invoke.Invokers$Holder.linkToTargetMethod(int, int, int, int, java.lang.Object)'> (0x00000007875834e0) 
thrown [src/hotspot/share/interpreter/linkResolver.cpp, line 759]
Event: 1.912 Thread 0x00007f866e8c3400 Exception <a 'java/lang/NoSuchMethodError'{0x00000007875874b8}: 'void java.lang.invoke.DirectMethodHandle$Holder.invokeStatic(java.lang.Object, java.lang.Object, long)'> (0x00000007875874b8) 
thrown [src/hotspot/share/interpreter/linkResolver.cpp, line 759]
Event: 3.214 Thread 0x00007f866c81c200 Exception <a 'java/lang/NoSuchMethodError'{0x00000007875d8f80}: 'void java.lang.invoke.DirectMethodHandle$Holder.invokeStatic(java.lang.Object, long)'> (0x00000007875d8f80) 
thrown [src/hotspot/share/interpreter/linkResolver.cpp, line 759]
Event: 3.223 Thread 0x00007f866e8c3400 Exception <a 'java/lang/NoSuchMethodError'{0x0000000787486bf8}: 'void java.lang.invoke.DirectMethodHandle$Holder.invokeSpecial(java.lang.Object, java.lang.Object, long)'> (0x0000000787486bf8) 
thrown [src/hotspot/share/interpreter/linkResolver.cpp, line 759]
Event: 3.224 Thread 0x00007f866e8c3400 Exception <a 'java/lang/NoSuchMethodError'{0x000000078748cd80}: 'void java.lang.invoke.DirectMethodHandle$Holder.invokeStatic(java.lang.Object, long, long)'> (0x000000078748cd80) 
thrown [src/hotspot/share/interpreter/linkResolver.cpp, line 759]
Event: 3.226 Thread 0x00007f866e8c3400 Exception <a 'java/lang/NoSuchMethodError'{0x0000000787492650}: 'java.lang.Object java.lang.invoke.DirectMethodHandle$Holder.newInvokeSpecial(java.lang.Object, long)'> (0x0000000787492650) 
thrown [src/hotspot/share/interpreter/linkResolver.cpp, line 759]
Event: 3.229 Thread 0x00007f866e8c3400 Exception <a 'java/lang/NoSuchMethodError'{0x000000078749c908}: 'java.lang.Object java.lang.invoke.DirectMethodHandle$Holder.newInvokeSpecial(java.lang.Object, java.lang.Object, int)'> (0x000000078749c908) 
thrown [src/hotspot/share/interpreter/linkResolver.cpp, line 759]
Event: 4.929 Thread 0x00007f866d01e400 Exception <a 'java/lang/ClassNotFoundException'{0x0000000781122b08}: sun/util/logging/resources/spi/loggingProvider> (0x0000000781122b08) 
thrown [src/hotspot/share/classfile/systemDictionary.cpp, line 256]

VM Operations (18 events):
Event: 0.215 Executing VM operation: HandshakeAllThreads
Event: 0.215 Executing VM operation: HandshakeAllThreads done
Event: 0.983 Executing VM operation: HandshakeAllThreads
Event: 0.983 Executing VM operation: HandshakeAllThreads done
Event: 1.366 Executing VM operation: HandshakeAllThreads
Event: 1.367 Executing VM operation: HandshakeAllThreads done
Event: 1.367 Executing VM operation: Cleanup
Event: 1.377 Executing VM operation: Cleanup done
Event: 2.381 Executing VM operation: Cleanup
Event: 2.381 Executing VM operation: Cleanup done
Event: 3.386 Executing VM operation: Cleanup
Event: 3.386 Executing VM operation: Cleanup done
Event: 4.388 Executing VM operation: Cleanup
Event: 4.388 Executing VM operation: Cleanup done
Event: 4.832 Executing VM operation: G1CollectFull
Event: 4.887 Executing VM operation: G1CollectFull done
Event: 4.888 Executing VM operation: G1CollectFull
Event: 4.914 Executing VM operation: G1CollectFull done

Events (20 events):
Event: 5.080 loading class sun/nio/cs/US_ASCII
Event: 5.080 loading class sun/nio/cs/US_ASCII done
Event: 5.080 loading class java/nio/charset/StandardCharsets
Event: 5.080 loading class java/nio/charset/StandardCharsets done
Event: 5.080 loading class sun/nio/cs/UTF_16BE
Event: 5.080 loading class sun/nio/cs/UTF_16BE done
Event: 5.080 loading class sun/nio/cs/UTF_16LE
Event: 5.080 loading class sun/nio/cs/UTF_16LE done
Event: 5.080 loading class sun/nio/cs/UTF_16
Event: 5.080 loading class sun/nio/cs/UTF_16 done
Event: 5.081 loading class sun/misc/Unsafe
Event: 5.081 loading class sun/misc/Unsafe done
Event: 5.082 loading class jdk/internal/access/foreign/MemorySegmentProxy
Event: 5.082 loading class jdk/internal/access/foreign/MemorySegmentProxy done
Event: 5.083 loading class java/nio/StringCharBuffer
Event: 5.083 loading class java/nio/StringCharBuffer done
Event: 5.102 loading class java/awt/IllegalComponentStateException
Event: 5.102 loading class java/awt/IllegalComponentStateException done
Event: 5.151 loading class java/lang/NumberFormatException
Event: 5.151 loading class java/lang/NumberFormatException done


Dynamic libraries:
0x000000010efb0000 	/Applications/jmonkeyplatform.app/Contents/Resources/jmonkeyplatform/jdk/lib/libjli.dylib
0x00007ff8247fa000 	/System/Library/Frameworks/Cocoa.framework/Versions/A/Cocoa
0x00007ff810438000 	/System/Library/Frameworks/AppKit.framework/Versions/C/AppKit
0x00007ff81394e000 	/System/Library/Frameworks/CoreData.framework/Versions/A/CoreData
0x00007ff80e837000 	/System/Library/Frameworks/Foundation.framework/Versions/C/Foundation
0x00007ff818771000 	/usr/lib/libSystem.B.dylib
0x00007ff8112c8000 	/System/Library/PrivateFrameworks/UIFoundation.framework/Versions/A/UIFoundation
0x00007ff81e6e8000 	/System/Library/PrivateFrameworks/RemoteViewServices.framework/Versions/A/RemoteViewServices
0x00007ff8169c4000 	/System/Library/PrivateFrameworks/XCTTargetBootstrap.framework/Versions/A/XCTTargetBootstrap
0x00007ff81a57e000 	/System/Library/PrivateFrameworks/InternationalSupport.framework/Versions/A/InternationalSupport
0x00007ff81a608000 	/System/Library/PrivateFrameworks/UserActivity.framework/Versions/A/UserActivity
0x00007ff819959000 	/usr/lib/libspindump.dylib
0x00007ff811557000 	/System/Library/Frameworks/UniformTypeIdentifiers.framework/Versions/A/UniformTypeIdentifiers
0x00007ff8150e9000 	/usr/lib/libapp_launch_measurement.dylib
0x00007ff814320000 	/System/Library/PrivateFrameworks/CoreAnalytics.framework/Versions/A/CoreAnalytics
0x00007ff8150ec000 	/System/Library/PrivateFrameworks/CoreAutoLayout.framework/Versions/A/CoreAutoLayout
0x00007ff81631c000 	/System/Library/Frameworks/Metal.framework/Versions/A/Metal
0x00007ff81704b000 	/usr/lib/liblangid.dylib
0x00007ff8169c9000 	/System/Library/PrivateFrameworks/CoreSVG.framework/Versions/A/CoreSVG
0x00007ff812942000 	/System/Library/PrivateFrameworks/SkyLight.framework/Versions/A/SkyLight
0x00007ff812ce1000 	/System/Library/Frameworks/CoreGraphics.framework/Versions/A/CoreGraphics
0x00007ff81eda8000 	/System/Library/Frameworks/Accelerate.framework/Versions/A/Accelerate
0x00007ff8193d8000 	/System/Library/PrivateFrameworks/IconServices.framework/Versions/A/IconServices
0x00007ff816301000 	/System/Library/Frameworks/IOSurface.framework/Versions/A/IOSurface
0x00007ff81434e000 	/usr/lib/libDiagnosticMessagesClient.dylib
0x00007ff818691000 	/usr/lib/libz.1.dylib
0x00007ff82249e000 	/System/Library/Frameworks/ApplicationServices.framework/Versions/A/ApplicationServices
0x00007ff8169b0000 	/System/Library/PrivateFrameworks/DFRFoundation.framework/Versions/A/DFRFoundation
0x00007ff80fd1c000 	/usr/lib/libicucore.A.dylib
0x00007ff81b374000 	/System/Library/Frameworks/AudioToolbox.framework/Versions/A/AudioToolbox
0x00007ff81a58a000 	/System/Library/PrivateFrameworks/DataDetectorsCore.framework/Versions/A/DataDetectorsCore
0x00007ff916a8c000 	/System/Library/PrivateFrameworks/TextInput.framework/Versions/A/TextInput
0x00007ff8128c5000 	/usr/lib/libMobileGestalt.dylib
0x00007ff8166bc000 	/System/Library/Frameworks/Carbon.framework/Versions/A/Frameworks/HIToolbox.framework/Versions/A/HIToolbox
0x00007ff814aeb000 	/System/Library/Frameworks/QuartzCore.framework/Versions/A/QuartzCore
0x00007ff80f9c1000 	/System/Library/Frameworks/Security.framework/Versions/A/Security
0x00007ff81e720000 	/System/Library/Frameworks/Carbon.framework/Versions/A/Frameworks/SpeechRecognition.framework/Versions/A/SpeechRecognition
0x00007ff814e49000 	/System/Library/PrivateFrameworks/CoreUI.framework/Versions/A/CoreUI
0x00007ff80f28b000 	/System/Library/Frameworks/CoreAudio.framework/Versions/A/CoreAudio
0x00007ff81443d000 	/System/Library/Frameworks/DiskArbitration.framework/Versions/A/DiskArbitration
0x00007ff819d4a000 	/System/Library/PrivateFrameworks/MultitouchSupport.framework/Versions/A/MultitouchSupport
0x00007ff8128c4000 	/usr/lib/libenergytrace.dylib
0x00007ff810320000 	/System/Library/Frameworks/IOKit.framework/Versions/A/IOKit
0x00007ff81eb10000 	/System/Library/Frameworks/CoreServices.framework/Versions/A/CoreServices
0x00007ff815083000 	/System/Library/PrivateFrameworks/PerformanceAnalysis.framework/Versions/A/PerformanceAnalysis
0x00007ffa2675d000 	/System/Library/Frameworks/OpenGL.framework/Versions/A/OpenGL
0x00007ff817cad000 	/System/Library/PrivateFrameworks/MobileKeyBag.framework/Versions/A/MobileKeyBag
0x00007ff80d7ff000 	/usr/lib/libobjc.A.dylib
0x00007ff8133ad000 	/System/Library/Frameworks/ColorSync.framework/Versions/A/ColorSync
0x00007ff80d9ba000 	/System/Library/Frameworks/CoreFoundation.framework/Versions/A/CoreFoundation
0x00007ff816c41000 	/System/Library/Frameworks/CoreImage.framework/Versions/A/CoreImage
0x00007ff80f09f000 	/System/Library/Frameworks/CoreText.framework/Versions/A/CoreText
0x00007ff8169f9000 	/System/Library/Frameworks/ImageIO.framework/Versions/A/ImageIO
0x00007ff818777000 	/System/Library/PrivateFrameworks/SoftLinking.framework/Versions/A/SoftLinking
0x00007ff815134000 	/usr/lib/libxml2.2.dylib
0x00007ff80d8c6000 	/usr/lib/libc++.1.dylib
0x00007ff8189fb000 	/usr/lib/libcompression.dylib
0x00007ff81a4b1000 	/System/Library/PrivateFrameworks/TextureIO.framework/Versions/A/TextureIO
0x00007ff8190e9000 	/usr/lib/libate.dylib
0x00007ff81876c000 	/usr/lib/system/libcache.dylib
0x00007ff818728000 	/usr/lib/system/libcommonCrypto.dylib
0x00007ff818751000 	/usr/lib/system/libcompiler_rt.dylib
0x00007ff818747000 	/usr/lib/system/libcopyfile.dylib
0x00007ff80d6fa000 	/usr/lib/system/libcorecrypto.dylib
0x00007ff80d7b8000 	/usr/lib/system/libdispatch.dylib
0x00007ff80d979000 	/usr/lib/system/libdyld.dylib
0x00007ff818763000 	/usr/lib/system/libkeymgr.dylib
0x00007ff818706000 	/usr/lib/system/libmacho.dylib
0x00007ff817d87000 	/usr/lib/system/libquarantine.dylib
0x00007ff818761000 	/usr/lib/system/libremovefile.dylib
0x00007ff812912000 	/usr/lib/system/libsystem_asl.dylib
0x00007ff80d6a3000 	/usr/lib/system/libsystem_blocks.dylib
0x00007ff80d83d000 	/usr/lib/system/libsystem_c.dylib
0x00007ff818759000 	/usr/lib/system/libsystem_collections.dylib
0x00007ff81703b000 	/usr/lib/system/libsystem_configuration.dylib
0x00007ff8162e4000 	/usr/lib/system/libsystem_containermanager.dylib
0x00007ff81843e000 	/usr/lib/system/libsystem_coreservices.dylib
0x00007ff80ffb0000 	/usr/lib/system/libsystem_darwin.dylib
0x00007ff818764000 	/usr/lib/system/libsystem_dnssd.dylib
0x00007ff80d83a000 	/usr/lib/system/libsystem_featureflags.dylib
0x00007ff80d98f000 	/usr/lib/system/libsystem_info.dylib
0x00007ff8186a4000 	/usr/lib/system/libsystem_m.dylib
0x00007ff80d78c000 	/usr/lib/system/libsystem_malloc.dylib
0x00007ff8128ad000 	/usr/lib/system/libsystem_networkextension.dylib
0x00007ff8103da000 	/usr/lib/system/libsystem_notify.dylib
0x00007ff81e9e5000 	/usr/lib/system/libsystem_product_info_filter.dylib
0x00007ff81703f000 	/usr/lib/system/libsystem_sandbox.dylib
0x00007ff81875e000 	/usr/lib/system/libsystem_secinit.dylib
0x00007ff80d935000 	/usr/lib/system/libsystem_kernel.dylib
0x00007ff80d985000 	/usr/lib/system/libsystem_platform.dylib
0x00007ff80d96d000 	/usr/lib/system/libsystem_pthread.dylib
0x00007ff814160000 	/usr/lib/system/libsystem_symptoms.dylib
0x00007ff80d6e1000 	/usr/lib/system/libsystem_trace.dylib
0x00007ff818734000 	/usr/lib/system/libunwind.dylib
0x00007ff80d6a5000 	/usr/lib/system/libxpc.dylib
0x00007ff80d91f000 	/usr/lib/libc++abi.dylib
0x00007ff81873f000 	/usr/lib/liboah.dylib
0x00007ff818ec5000 	/usr/lib/liblzma.5.dylib
0x00007ff80e549000 	/System/Library/Frameworks/SystemConfiguration.framework/Versions/A/SystemConfiguration
0x00007ff818773000 	/usr/lib/libfakelink.dylib
0x00007ff81241e000 	/System/Library/Frameworks/CFNetwork.framework/Versions/A/CFNetwork
0x00007ff8188b4000 	/usr/lib/libarchive.2.dylib
0x00007ff817047000 	/System/Library/PrivateFrameworks/AppleSystemInfo.framework/Versions/A/AppleSystemInfo
0x00007ff817dae000 	/usr/lib/libbsm.0.dylib
0x00007ff811a2d000 	/usr/lib/libnetwork.dylib
0x00007ff81870c000 	/usr/lib/system/libkxld.dylib
0x00007ff8179e1000 	/System/Library/PrivateFrameworks/IOMobileFramebuffer.framework/Versions/A/IOMobileFramebuffer
0x00007ffb26115000 	/usr/lib/libCoreEntitlements.dylib
0x00007ff818420000 	/System/Library/PrivateFrameworks/AppleFSCompression.framework/Versions/A/AppleFSCompression
0x00007ff817d96000 	/usr/lib/libcoretls.dylib
0x00007ff818edf000 	/usr/lib/libcoretls_cfhelpers.dylib
0x00007ff8189f5000 	/usr/lib/libpam.2.dylib
0x00007ff813d7f000 	/usr/lib/libsqlite3.dylib
0x00007ff818f4e000 	/usr/lib/libxar.1.dylib
0x00007ff818430000 	/usr/lib/libbz2.1.0.dylib
0x00007ff818778000 	/usr/lib/libpcap.A.dylib
0x00007ff814158000 	/usr/lib/libdns_services.dylib
0x00007ff8189c5000 	/usr/lib/libapple_nghttp2.dylib
0x00007ff8187b2000 	/usr/lib/libiconv.2.dylib
0x00007ff818705000 	/usr/lib/libcharset.1.dylib
0x00007ff8150b7000 	/System/Library/Frameworks/CoreServices.framework/Versions/A/Frameworks/FSEvents.framework/Versions/A/FSEvents
0x00007ff80ffba000 	/System/Library/Frameworks/CoreServices.framework/Versions/A/Frameworks/CarbonCore.framework/Versions/A/CarbonCore
0x00007ff8143a1000 	/System/Library/Frameworks/CoreServices.framework/Versions/A/Frameworks/Metadata.framework/Versions/A/Metadata
0x00007ff818443000 	/System/Library/Frameworks/CoreServices.framework/Versions/A/Frameworks/OSServices.framework/Versions/A/OSServices
0x00007ff81893a000 	/System/Library/Frameworks/CoreServices.framework/Versions/A/Frameworks/SearchKit.framework/Versions/A/SearchKit
0x00007ff8140ea000 	/System/Library/Frameworks/CoreServices.framework/Versions/A/Frameworks/AE.framework/Versions/A/AE
0x00007ff80debd000 	/System/Library/Frameworks/CoreServices.framework/Versions/A/Frameworks/LaunchServices.framework/Versions/A/LaunchServices
0x00007ff818e76000 	/System/Library/Frameworks/CoreServices.framework/Versions/A/Frameworks/DictionaryServices.framework/Versions/A/DictionaryServices
0x00007ff8150c4000 	/System/Library/Frameworks/CoreServices.framework/Versions/A/Frameworks/SharedFileList.framework/Versions/A/SharedFileList
0x00007ff817d8a000 	/usr/lib/libCheckFix.dylib
0x00007ff812929000 	/System/Library/PrivateFrameworks/TCC.framework/Versions/A/TCC
0x00007ff81704d000 	/System/Library/PrivateFrameworks/CoreNLP.framework/Versions/A/CoreNLP
0x00007ff814351000 	/System/Library/PrivateFrameworks/MetadataUtilities.framework/Versions/A/MetadataUtilities
0x00007ff80e5fa000 	/usr/lib/libmecabra.dylib
0x00007ff817dbe000 	/usr/lib/libmecab.dylib
0x00007ff80e5c5000 	/usr/lib/libCRFSuite.dylib
0x00007ff817e18000 	/usr/lib/libgermantok.dylib
0x00007ff8189a0000 	/usr/lib/libThaiTokenizer.dylib
0x00007ff814444000 	/System/Library/Frameworks/Accelerate.framework/Versions/A/Frameworks/vImage.framework/Versions/A/vImage
0x00007ff81eae7000 	/System/Library/Frameworks/Accelerate.framework/Versions/A/Frameworks/vecLib.framework/Versions/A/vecLib
0x00007ff818f8f000 	/System/Library/Frameworks/Accelerate.framework/Versions/A/Frameworks/vecLib.framework/Versions/A/libvMisc.dylib
0x00007ff81780c000 	/System/Library/Frameworks/Accelerate.framework/Versions/A/Frameworks/vecLib.framework/Versions/A/libvDSP.dylib
0x00007ff80e239000 	/System/Library/Frameworks/Accelerate.framework/Versions/A/Frameworks/vecLib.framework/Versions/A/libBLAS.dylib
0x00007ff818ad8000 	/System/Library/Frameworks/Accelerate.framework/Versions/A/Frameworks/vecLib.framework/Versions/A/libLAPACK.dylib
0x00007ff817e1b000 	/System/Library/Frameworks/Accelerate.framework/Versions/A/Frameworks/vecLib.framework/Versions/A/libLinearAlgebra.dylib
0x00007ff8189dd000 	/System/Library/Frameworks/Accelerate.framework/Versions/A/Frameworks/vecLib.framework/Versions/A/libSparseBLAS.dylib
0x00007ff818ad2000 	/System/Library/Frameworks/Accelerate.framework/Versions/A/Frameworks/vecLib.framework/Versions/A/libQuadrature.dylib
0x00007ff817138000 	/System/Library/Frameworks/Accelerate.framework/Versions/A/Frameworks/vecLib.framework/Versions/A/libBNNS.dylib
0x00007ff80e4d3000 	/System/Library/Frameworks/Accelerate.framework/Versions/A/Frameworks/vecLib.framework/Versions/A/libSparse.dylib
0x00007ff817131000 	/System/Library/PrivateFrameworks/LinguisticData.framework/Versions/A/LinguisticData
0x00007ff80e489000 	/System/Library/PrivateFrameworks/Lexicon.framework/Versions/A/Lexicon
0x00007ff818f88000 	/usr/lib/libChineseTokenizer.dylib
0x00007ff80ebf4000 	/System/Library/PrivateFrameworks/LanguageModeling.framework/Versions/A/LanguageModeling
0x00007ff8189a2000 	/System/Library/PrivateFrameworks/AppleSauce.framework/Versions/A/AppleSauce
0x00007ff8179cf000 	/System/Library/PrivateFrameworks/CoreEmoji.framework/Versions/A/CoreEmoji
0x00007ff8188a3000 	/usr/lib/libcmph.dylib
0x00007ff81509b000 	/System/Library/Frameworks/OpenDirectory.framework/Versions/A/Frameworks/CFOpenDirectory.framework/Versions/A/CFOpenDirectory
0x00007ff81508f000 	/System/Library/Frameworks/OpenDirectory.framework/Versions/A/OpenDirectory
0x00007ff818ee1000 	/System/Library/PrivateFrameworks/APFS.framework/Versions/A/APFS
0x00007ff817ce5000 	/System/Library/Frameworks/SecurityFoundation.framework/Versions/A/SecurityFoundation
0x00007ff818f5c000 	/usr/lib/libutil.dylib
0x00007ff8102e4000 	/System/Library/PrivateFrameworks/CoreServicesStore.framework/Versions/A/CoreServicesStore
0x00007ff818f60000 	/usr/lib/libxslt.1.dylib
0x00007ff817d72000 	/System/Library/PrivateFrameworks/BackgroundTaskManagement.framework/Versions/A/BackgroundTaskManagement
0x00007ff81a3d1000 	/System/Library/Frameworks/ImageIO.framework/Versions/A/Resources/libRadiance.dylib
0x00007ff81a3da000 	/System/Library/Frameworks/ImageIO.framework/Versions/A/Resources/libJPEG.dylib
0x00007ff81a329000 	/System/Library/Frameworks/ImageIO.framework/Versions/A/Resources/libPng.dylib
0x00007ff81a34a000 	/System/Library/Frameworks/ImageIO.framework/Versions/A/Resources/libTIFF.dylib
0x00007ff81a43a000 	/System/Library/Frameworks/ImageIO.framework/Versions/A/Resources/libGIF.dylib
0x00007ff819c63000 	/System/Library/Frameworks/ImageIO.framework/Versions/A/Resources/libJP2.dylib
0x00007ff81939e000 	/usr/lib/libexpat.1.dylib
0x00007ff819c18000 	/System/Library/PrivateFrameworks/AppleJPEG.framework/Versions/A/AppleJPEG
0x00007ff816581000 	/System/Library/PrivateFrameworks/FontServices.framework/libFontParser.dylib
0x00007ff814094000 	/System/Library/PrivateFrameworks/RunningBoardServices.framework/Versions/A/RunningBoardServices
0x00007ff824db5000 	/System/Library/PrivateFrameworks/IOSurfaceAccelerator.framework/Versions/A/IOSurfaceAccelerator
0x00007ff819d46000 	/System/Library/PrivateFrameworks/WatchdogClient.framework/Versions/A/WatchdogClient
0x00007ff80ece2000 	/System/Library/Frameworks/CoreDisplay.framework/Versions/A/CoreDisplay
0x00007ff81647f000 	/System/Library/Frameworks/CoreMedia.framework/Versions/A/CoreMedia
0x00007ff816313000 	/System/Library/PrivateFrameworks/IOAccelerator.framework/Versions/A/IOAccelerator
0x00007ff815218000 	/System/Library/Frameworks/CoreVideo.framework/Versions/A/CoreVideo
0x00007ff8189f3000 	/System/Library/Frameworks/MetalPerformanceShaders.framework/Versions/A/MetalPerformanceShaders
0x00007ff819d83000 	/System/Library/Frameworks/VideoToolbox.framework/Versions/A/VideoToolbox
0x00007ff813fde000 	/System/Library/PrivateFrameworks/BaseBoard.framework/Versions/A/BaseBoard
0x00007ff813d65000 	/System/Library/PrivateFrameworks/ProtocolBuffer.framework/Versions/A/ProtocolBuffer
0x00007ff81a3ca000 	/System/Library/PrivateFrameworks/GPUWrangler.framework/Versions/A/GPUWrangler
0x00007ff81a3ae000 	/System/Library/PrivateFrameworks/IOPresentment.framework/Versions/A/IOPresentment
0x00007ff81a3d4000 	/System/Library/PrivateFrameworks/DSExternalDisplay.framework/Versions/A/DSExternalDisplay
0x00007ffa26751000 	/System/Library/Frameworks/OpenGL.framework/Versions/A/Libraries/libCoreFSCache.dylib
0x00007ffb13828000 	/System/Library/PrivateFrameworks/GPUCompiler.framework/Versions/31001/Libraries/libGPUCompilerUtils.dylib
0x00007ff81a43f000 	/System/Library/PrivateFrameworks/CMCaptureCore.framework/Versions/A/CMCaptureCore
0x00007ff819947000 	/System/Library/PrivateFrameworks/AppServerSupport.framework/Versions/A/AppServerSupport
0x00007ff81bc0d000 	/System/Library/PrivateFrameworks/perfdata.framework/Versions/A/perfdata
0x00007ff80ee0e000 	/System/Library/PrivateFrameworks/AudioToolboxCore.framework/Versions/A/AudioToolboxCore
0x00007ff81645d000 	/System/Library/PrivateFrameworks/caulk.framework/Versions/A/caulk
0x00007ff81b51f000 	/usr/lib/libAudioStatistics.dylib
0x00007ff913212000 	/System/Library/PrivateFrameworks/SystemPolicy.framework/Versions/A/SystemPolicy
0x00007ff81b77a000 	/usr/lib/libSMC.dylib
0x00007ff8246ad000 	/System/Library/Frameworks/CoreMIDI.framework/Versions/A/CoreMIDI
0x00007ff81a2f8000 	/usr/lib/libAudioToolboxUtility.dylib
0x00007ff90f436000 	/System/Library/PrivateFrameworks/OSAServicesClient.framework/Versions/A/OSAServicesClient
0x00007ff81bc1a000 	/usr/lib/libperfcheck.dylib
0x00007ff913cc3000 	/usr/lib/libmis.dylib
0x00007ffa267ac000 	/System/Library/Frameworks/OpenGL.framework/Versions/A/Libraries/libGLU.dylib
0x00007ffa26770000 	/System/Library/Frameworks/OpenGL.framework/Versions/A/Libraries/libGFXShared.dylib
0x00007ffa26979000 	/System/Library/Frameworks/OpenGL.framework/Versions/A/Libraries/libGL.dylib
0x00007ffa26779000 	/System/Library/Frameworks/OpenGL.framework/Versions/A/Libraries/libGLImage.dylib
0x00007ffa2676d000 	/System/Library/Frameworks/OpenGL.framework/Versions/A/Libraries/libCVMSPluginSupport.dylib
0x00007ffa26758000 	/System/Library/Frameworks/OpenGL.framework/Versions/A/Libraries/libCoreVMClient.dylib
0x00007ff816fc9000 	/System/Library/Frameworks/MetalPerformanceShaders.framework/Versions/A/Frameworks/MPSCore.framework/Versions/A/MPSCore
0x00007ff81838b000 	/System/Library/Frameworks/MetalPerformanceShaders.framework/Versions/A/Frameworks/MPSImage.framework/Versions/A/MPSImage
0x00007ff817e31000 	/System/Library/Frameworks/MetalPerformanceShaders.framework/Versions/A/Frameworks/MPSNeuralNetwork.framework/Versions/A/MPSNeuralNetwork
0x00007ff8182a5000 	/System/Library/Frameworks/MetalPerformanceShaders.framework/Versions/A/Frameworks/MPSMatrix.framework/Versions/A/MPSMatrix
0x00007ff818060000 	/System/Library/Frameworks/MetalPerformanceShaders.framework/Versions/A/Frameworks/MPSRayIntersector.framework/Versions/A/MPSRayIntersector
0x00007ff8182dd000 	/System/Library/Frameworks/MetalPerformanceShaders.framework/Versions/A/Frameworks/MPSNDArray.framework/Versions/A/MPSNDArray
0x00007ffa2c231000 	/System/Library/Frameworks/MetalPerformanceShaders.framework/Versions/A/Frameworks/MPSFunctions.framework/Versions/A/MPSFunctions
0x00007ff80e115000 	/System/Library/PrivateFrameworks/MetalTools.framework/Versions/A/MetalTools
0x00007ff817045000 	/System/Library/PrivateFrameworks/AggregateDictionary.framework/Versions/A/AggregateDictionary
0x00007ff819180000 	/usr/lib/libIOReport.dylib
0x00007ffa27d88000 	/System/Library/Frameworks/OpenCL.framework/Versions/A/OpenCL
0x00007ff8194e5000 	/System/Library/PrivateFrameworks/FaceCore.framework/Versions/A/FaceCore
0x00007ff8194d6000 	/System/Library/PrivateFrameworks/GraphVisualizer.framework/Versions/A/GraphVisualizer
0x00007ffb13733000 	/System/Library/PrivateFrameworks/FontServices.framework/Versions/A/FontServices
0x00007ff8198ff000 	/System/Library/PrivateFrameworks/OTSVG.framework/Versions/A/OTSVG
0x00007ff814dfe000 	/System/Library/Frameworks/ApplicationServices.framework/Versions/A/Frameworks/ATS.framework/Versions/A/Resources/libFontRegistry.dylib
0x00007ff81994f000 	/System/Library/PrivateFrameworks/FontServices.framework/libhvf.dylib
0x00007ffb13734000 	/System/Library/PrivateFrameworks/FontServices.framework/libXTFontStaticRegistryData.dylib
0x00007ff81934e000 	/System/Library/PrivateFrameworks/AppleVA.framework/Versions/A/AppleVA
0x00007ff81b53f000 	/System/Library/Frameworks/ApplicationServices.framework/Versions/A/Frameworks/ATS.framework/Versions/A/ATS
0x00007ff8134ab000 	/System/Library/Frameworks/ApplicationServices.framework/Versions/A/Frameworks/HIServices.framework/Versions/A/HIServices
0x00007ff81a449000 	/System/Library/Frameworks/ApplicationServices.framework/Versions/A/Frameworks/PrintCore.framework/Versions/A/PrintCore
0x00007ff81b8cd000 	/System/Library/Frameworks/ApplicationServices.framework/Versions/A/Frameworks/QD.framework/Versions/A/QD
0x00007ff81b8c5000 	/System/Library/Frameworks/ApplicationServices.framework/Versions/A/Frameworks/ColorSyncLegacy.framework/Versions/A/ColorSyncLegacy
0x00007ff81b52f000 	/System/Library/Frameworks/ApplicationServices.framework/Versions/A/Frameworks/SpeechSynthesis.framework/Versions/A/SpeechSynthesis
0x00007ff81a40a000 	/System/Library/Frameworks/ApplicationServices.framework/Versions/A/Frameworks/ATSUI.framework/Versions/A/ATSUI
0x00007ff81b85a000 	/usr/lib/libcups.2.dylib
0x00007ff81bc29000 	/System/Library/Frameworks/Kerberos.framework/Versions/A/Kerberos
0x00007ff81bc38000 	/System/Library/Frameworks/GSS.framework/Versions/A/GSS
0x00007ff81b5ab000 	/usr/lib/libresolv.9.dylib
0x00007ff81995e000 	/System/Library/PrivateFrameworks/Heimdal.framework/Versions/A/Heimdal
0x00007ff822830000 	/System/Library/Frameworks/Kerberos.framework/Versions/A/Libraries/libHeimdalProxy.dylib
0x00007ff814168000 	/System/Library/Frameworks/Network.framework/Versions/A/Network
0x00007ff8193b9000 	/usr/lib/libheimdal-asn1.dylib
0x00007ff81bc83000 	/System/Library/PrivateFrameworks/CommonAuth.framework/Versions/A/CommonAuth
0x00007ff81b4b1000 	/System/Library/PrivateFrameworks/AudioSession.framework/Versions/A/AudioSession
0x00007ff819449000 	/System/Library/PrivateFrameworks/MediaExperience.framework/Versions/A/MediaExperience
0x00007ff81b343000 	/System/Library/PrivateFrameworks/AudioSession.framework/libSessionUtility.dylib
0x00007ff81b8d9000 	/System/Library/PrivateFrameworks/AudioResourceArbitration.framework/Versions/A/AudioResourceArbitration
0x00007ff81f95a000 	/System/Library/PrivateFrameworks/PowerLog.framework/Versions/A/PowerLog
0x00007ff8193c2000 	/System/Library/PrivateFrameworks/IconFoundation.framework/Versions/A/IconFoundation
0x00007ff81e710000 	/System/Library/PrivateFrameworks/SpeechRecognitionCore.framework/Versions/A/SpeechRecognitionCore
0x00000001109aa000 	/Applications/jmonkeyplatform.app/Contents/Resources/jmonkeyplatform/jdk/lib/server/libjvm.dylib
0x000000010efe3000 	/Applications/jmonkeyplatform.app/Contents/Resources/jmonkeyplatform/jdk/lib/libjimage.dylib
0x000000010f061000 	/Applications/jmonkeyplatform.app/Contents/Resources/jmonkeyplatform/jdk/lib/libjava.dylib
0x000000010f6c7000 	/Applications/jmonkeyplatform.app/Contents/Resources/jmonkeyplatform/jdk/lib/libnio.dylib
0x000000010f701000 	/Applications/jmonkeyplatform.app/Contents/Resources/jmonkeyplatform/jdk/lib/libnet.dylib
0x000000010f749000 	/Applications/jmonkeyplatform.app/Contents/Resources/jmonkeyplatform/jdk/lib/libzip.dylib
0x000000011013a000 	/Applications/jmonkeyplatform.app/Contents/Resources/jmonkeyplatform/jdk/lib/libawt.dylib
0x00000001101fa000 	/Applications/jmonkeyplatform.app/Contents/Resources/jmonkeyplatform/jdk/lib/libmlib_image.dylib
0x00007ffa2c19a000 	/System/Library/Frameworks/JavaRuntimeSupport.framework/Versions/A/JavaRuntimeSupport
0x00007ff912d36000 	/System/Library/Frameworks/Carbon.framework/Versions/A/Carbon
0x00007ff820bd5000 	/System/Library/PrivateFrameworks/CoreSymbolication.framework/Versions/A/CoreSymbolication
0x00007ff82614c000 	/System/Library/Frameworks/Carbon.framework/Versions/A/Frameworks/CommonPanels.framework/Versions/A/CommonPanels
0x00007ff82220a000 	/System/Library/Frameworks/Carbon.framework/Versions/A/Frameworks/Help.framework/Versions/A/Help
0x00007ff826150000 	/System/Library/Frameworks/Carbon.framework/Versions/A/Frameworks/ImageCapture.framework/Versions/A/ImageCapture
0x00007ff826120000 	/System/Library/Frameworks/Carbon.framework/Versions/A/Frameworks/OpenScripting.framework/Versions/A/OpenScripting
0x00007ff826148000 	/System/Library/Frameworks/Carbon.framework/Versions/A/Frameworks/Ink.framework/Versions/A/Ink
0x00007ff912d32000 	/System/Library/Frameworks/Carbon.framework/Versions/A/Frameworks/Print.framework/Versions/A/Print
0x00007ff826144000 	/System/Library/Frameworks/Carbon.framework/Versions/A/Frameworks/SecurityHI.framework/Versions/A/SecurityHI
0x00007ff820b9a000 	/System/Library/PrivateFrameworks/DebugSymbols.framework/Versions/A/DebugSymbols
0x00000001103cb000 	/Applications/jmonkeyplatform.app/Contents/Resources/jmonkeyplatform/jdk/lib/libawt_lwawt.dylib
0x000000010f79a000 	/Applications/jmonkeyplatform.app/Contents/Resources/jmonkeyplatform/jdk/lib/libosxapp.dylib
0x00007ff912000000 	/System/Library/Frameworks/ExceptionHandling.framework/Versions/A/ExceptionHandling
0x0000000110712000 	/Applications/jmonkeyplatform.app/Contents/Resources/jmonkeyplatform/jdk/lib/libfontmanager.dylib
0x0000000110503000 	/Applications/jmonkeyplatform.app/Contents/Resources/jmonkeyplatform/jdk/lib/libfreetype.dylib
0x00007ff8102a6000 	/System/Library/PrivateFrameworks/CoreServicesInternal.framework/Versions/A/CoreServicesInternal
0x00007ff81ff4b000 	/System/Library/Frameworks/FileProvider.framework/Versions/A/FileProvider
0x00007ff813f4b000 	/System/Library/Frameworks/Accounts.framework/Versions/A/Accounts
0x00007ff8200c4000 	/System/Library/PrivateFrameworks/GenerationalStorage.framework/Versions/A/GenerationalStorage
0x00007ff81f94f000 	/System/Library/PrivateFrameworks/SymptomDiagnosticReporter.framework/Versions/A/SymptomDiagnosticReporter
0x00007ff81156b000 	/System/Library/PrivateFrameworks/DesktopServicesPriv.framework/Versions/A/DesktopServicesPriv
0x00007ff8103e9000 	/usr/lib/libsandbox.1.dylib
0x00007ff815297000 	/System/Library/PrivateFrameworks/UserManagement.framework/Versions/A/UserManagement
0x00007ff81b8ba000 	/System/Library/PrivateFrameworks/NetAuth.framework/Versions/A/NetAuth
0x00007ff81c7c9000 	/System/Library/PrivateFrameworks/Sharing.framework/Versions/A/Sharing
0x00007ff81526a000 	/System/Library/PrivateFrameworks/login.framework/Versions/A/Frameworks/loginsupport.framework/Versions/A/loginsupport
0x00007ff821d38000 	/System/Library/PrivateFrameworks/Apple80211.framework/Versions/A/Apple80211
0x00007ff818470000 	/System/Library/PrivateFrameworks/AuthKit.framework/Versions/A/AuthKit
0x00007ff817ac5000 	/System/Library/PrivateFrameworks/CoreUtils.framework/Versions/A/CoreUtils
0x00007ff8179ec000 	/System/Library/Frameworks/CoreWLAN.framework/Versions/A/CoreWLAN
0x00007ff81c928000 	/System/Library/Frameworks/IOBluetooth.framework/Versions/A/IOBluetooth
0x00007ff821da0000 	/System/Library/PrivateFrameworks/CoreWiFi.framework/Versions/A/CoreWiFi
0x00007ff82076e000 	/System/Library/PrivateFrameworks/FrontBoardServices.framework/Versions/A/FrontBoardServices
0x00007ff8207ff000 	/System/Library/PrivateFrameworks/BoardServices.framework/Versions/A/BoardServices
0x00007ff817cd4000 	/System/Library/PrivateFrameworks/AssertionServices.framework/Versions/A/AssertionServices
0x00007ff821f23000 	/System/Library/PrivateFrameworks/BackBoardServices.framework/Versions/A/BackBoardServices
0x00007ff81bd14000 	/System/Library/PrivateFrameworks/CorePhoneNumbers.framework/Versions/A/CorePhoneNumbers
0x00007ff81b5d8000 	/System/Library/PrivateFrameworks/MultiverseSupport.framework/Versions/A/MultiverseSupport
0x00007ff822197000 	/System/Library/PrivateFrameworks/RemoteServiceDiscovery.framework/Versions/A/RemoteServiceDiscovery
0x00007ff81fa6c000 	/System/Library/PrivateFrameworks/DiskManagement.framework/Versions/A/DiskManagement
0x00007ff81f980000 	/System/Library/PrivateFrameworks/AppleIDAuthSupport.framework/Versions/A/AppleIDAuthSupport
0x00007ffb0e0af000 	/System/Library/PrivateFrameworks/AAAFoundation.framework/Versions/A/AAAFoundation
0x00007ff81bcf5000 	/System/Library/PrivateFrameworks/KeychainCircle.framework/Versions/A/KeychainCircle
0x00007ff8221a7000 	/System/Library/PrivateFrameworks/RemoteXPC.framework/Versions/A/RemoteXPC
0x00007ff81fa38000 	/System/Library/PrivateFrameworks/MediaKit.framework/Versions/A/MediaKit
0x00007ff81f98c000 	/System/Library/Frameworks/DiscRecording.framework/Versions/A/DiscRecording
0x00007ff8192c6000 	/usr/lib/libCoreStorage.dylib
0x00007ff822212000 	/usr/lib/libcsfde.dylib
0x00007ff81c9f5000 	/System/Library/PrivateFrameworks/ProtectedCloudStorage.framework/Versions/A/ProtectedCloudStorage
0x00007ff82220e000 	/System/Library/PrivateFrameworks/EFILogin.framework/Versions/A/EFILogin
0x00007ff8200ea000 	/System/Library/PrivateFrameworks/OctagonTrust.framework/Versions/A/OctagonTrust
0x00007ffb12997000 	/System/Library/PrivateFrameworks/CoreUtilsExtras.framework/Versions/A/CoreUtilsExtras
0x00007ff81f8b3000 	/System/Library/Frameworks/CoreBluetooth.framework/Versions/A/CoreBluetooth
0x00007ff8228b5000 	/System/Library/Frameworks/AudioUnit.framework/Versions/A/AudioUnit
0x00007ff8192be000 	/usr/lib/libMatch.1.dylib
0x00007ff91aac2000 	/System/Library/CoreServices/RawCamera.bundle/Contents/MacOS/RawCamera
0x00007ff81bc93000 	/System/Library/PrivateFrameworks/MobileAsset.framework/Versions/A/MobileAsset
0x00007ff8228dc000 	/System/Library/PrivateFrameworks/StreamingZip.framework/Versions/A/StreamingZip
0x00007ffb0fc8b000 	/System/Library/PrivateFrameworks/CMPhoto.framework/Versions/A/CMPhoto
0x00007ff820a70000 	/System/Library/PrivateFrameworks/AppleVPA.framework/Versions/A/AppleVPA
0x00007ff81a673000 	/System/Library/Frameworks/MediaToolbox.framework/Versions/A/MediaToolbox
0x00007ff81ff1b000 	/System/Library/PrivateFrameworks/CoreAVCHD.framework/Versions/A/CoreAVCHD
0x00007ff81edf0000 	/System/Library/Frameworks/MediaAccessibility.framework/Versions/A/MediaAccessibility
0x00007ff81ff17000 	/System/Library/PrivateFrameworks/Mangrove.framework/Versions/A/Mangrove
0x00007ff81edfb000 	/System/Library/PrivateFrameworks/AlgosScoreFramework.framework/Versions/A/AlgosScoreFramework
0x00007ff81fb5c000 	/System/Library/PrivateFrameworks/CoreAUC.framework/Versions/A/CoreAUC
0x00007ff9182eb000 	/System/Library/Frameworks/Accelerate.framework/Versions/A/Frameworks/vImage.framework/Versions/A/Libraries/libCGInterfaces.dylib
0x000000011035c000 	/usr/lib/libobjc-trampolines.dylib
0x00007ff814f8f000 	/System/Library/PrivateFrameworks/ViewBridge.framework/Versions/A/ViewBridge
0x00007ffa26984000 	/System/Library/Frameworks/OpenGL.framework/Versions/A/Resources/GLEngine.bundle/GLEngine
0x00007ffa267ea000 	/System/Library/Frameworks/OpenGL.framework/Versions/A/Libraries/libGLProgrammability.dylib
0x00007ffa1f159000 	/System/Library/Extensions/AppleIntelBDWGraphicsGLDriver.bundle/Contents/MacOS/AppleIntelBDWGraphicsGLDriver
0x00007ff91de62000 	/System/Library/PrivateFrameworks/GPUSupport.framework/Versions/A/Libraries/libGPUSupportMercury.dylib
0x00007ffa26b0e000 	/System/Library/Frameworks/OpenGL.framework/Versions/A/Resources/GLRendererFloat.bundle/GLRendererFloat
0x00007ff819a16000 	/System/Library/PrivateFrameworks/login.framework/Versions/A/login
0x000000013c415000 	/Applications/jmonkeyplatform.app/Contents/Resources/jmonkeyplatform/jdk/lib/libosxui.dylib
0x000000012efeb000 	/Applications/jmonkeyplatform.app/Contents/Resources/jmonkeyplatform/jdk/lib/libprefs.dylib
0x000000013c46a000 	/Applications/jmonkeyplatform.app/Contents/Resources/jmonkeyplatform/jdk/lib/libjavajpeg.dylib
0x00007ffa189f7000 	/System/Library/CoreServices/Encodings/libSimplifiedChineseConverter.dylib
0x00007ffa1db5d000 	/System/Library/Extensions/AppleIntelBDWGraphicsMTLDriver.bundle/Contents/MacOS/AppleIntelBDWGraphicsMTLDriver
0x00007ff913cde000 	/System/Library/PrivateFrameworks/GPURawCounter.framework/Versions/A/GPURawCounter
0x00007ffb26204000 	/usr/lib/libRosetta.dylib
0x000000013c7fe000 	/Users/macbookair/JM/SistemaSolar/libopenal.dylib
0x000000013c85a000 	/Users/macbookair/JM/SistemaSolar/liblwjgl.dylib
0x000000013c74b000 	/Applications/jmonkeyplatform.app/Contents/Resources/jmonkeyplatform/jdk/lib/libjawt.dylib


VM Arguments:
jvm_args: -Dfile.encoding=UTF-8 --module-path=/Users/macbookair/JM/SistemaSolar/build/classes 
java_command: mygame.Main
java_class_path (initial): /Applications/jmonkeyplatform.app/Contents/Resources/jmonkeyplatform/jmonkeyplatform/libs/jme3-jogg-3.6.1-stable.jar:/Applications/jmonkeyplatform.app/Contents/Resources/jmonkeyplatform/jmonkeyplatform/libs/j-ogg-vorbis-1.0.3.jar:/Applications/jmonkeyplatform.app/Contents/Resources/jmonkeyplatform/jmonkeyplatform/libs/jme3-networking-3.6.1-stable.jar:/Applications/jmonkeyplatform.app/Contents/Resources/jmonkeyplatform/jmonkeyplatform/libs/jme3-plugins-3.6.1-stable.jar:/Applications/jmonkeyplatform.app/Contents/Resources/jmonkeyplatform/jmonkeyplatform/libs/gson-2.9.1.jar:/Applications/jmonkeyplatform.app/Contents/Resources/jmonkeyplatform/jmonkeyplatform/libs/jme3-core-3.6.1-stable.jar:/Applications/jmonkeyplatform.app/Contents/Resources/jmonkeyplatform/jmonkeyplatform/libs/jme3-desktop-3.6.1-stable.jar:/Applications/jmonkeyplatform.app/Contents/Resources/jmonkeyplatform/jmonkeyplatform/libs/jme3-lwjgl-3.6.1-stable.jar:/Applications/jmonkeyplatform.app/Contents/Resources/jmonkeyplatform/jmonkeyplatform/libs/lwjgl-platform-2.9.5-natives-windows.jar:/Applications/jmonkeyplatform.app/Contents/Resources/jmonkeyplatform/jmonkeyplatform/libs/lwjgl-platform-2.9.5-natives-linux.jar:/Applications/jmonkeyplatform.app/Contents/Resources/jmonkeyplatform/jmonkeyplatform/libs/lwjgl-platform-2.9.5-natives-osx.jar:/Applications/jmonkeyplatform.app/Contents/Resources/jmonkeyplatform/jmonkeyplatform/libs/jinput-2.0.9.jar:/Applications/jmonkeyplatform.app/Contents/Resources/jmonkeyplatform/jmonkeyplatform/libs/jinput-2.0.9-natives-all.jar:/Applications/jmonkeyplatform.app/Contents/Resources/jmonkeyplatform/jmonkeyplatform/libs/lwjgl-2.9.5.jar:/Applications/jmonkeyplatform.app/Contents/Resources/jmonkeyplatform/jmonkeyplatform/libs/jme3-effects-3.6.1-stable.jar:/Applications/jmonkeyplatform.app/Contents/Resources/jmonkeyplatform/jmonkeyplatform/libs/jme3-terrain-3.6.1-stable.jar:/Applications/jmonkeyplatform.app/Contents/Resources/jmonkeyplatform/jmonkeypla
Launcher Type: SUN_STANDARD

[Global flags]
     intx CICompilerCount                          = 3                                         {product} {ergonomic}
     uint ConcGCThreads                            = 1                                         {product} {ergonomic}
     uint G1ConcRefinementThreads                  = 4                                         {product} {ergonomic}
   size_t G1HeapRegionSize                         = 1048576                                   {product} {ergonomic}
    uintx GCDrainStackTargetSize                   = 64                                        {product} {ergonomic}
   size_t InitialHeapSize                          = 134217728                                 {product} {ergonomic}
   size_t MarkStackSize                            = 4194304                                   {product} {ergonomic}
   size_t MaxHeapSize                              = 2147483648                                {product} {ergonomic}
   size_t MaxNewSize                               = 1287651328                                {product} {ergonomic}
   size_t MinHeapDeltaBytes                        = 1048576                                   {product} {ergonomic}
   size_t MinHeapSize                              = 8388608                                   {product} {ergonomic}
    uintx NonNMethodCodeHeapSize                   = 5832780                                {pd product} {ergonomic}
    uintx NonProfiledCodeHeapSize                  = 122912730                              {pd product} {ergonomic}
    uintx ProfiledCodeHeapSize                     = 122912730                              {pd product} {ergonomic}
    uintx ReservedCodeCacheSize                    = 251658240                              {pd product} {ergonomic}
     bool SegmentedCodeCache                       = true                                      {product} {ergonomic}
   size_t SoftMaxHeapSize                          = 2147483648                             {manageable} {ergonomic}
     bool UseCompressedClassPointers               = true                           {product lp64_product} {ergonomic}
     bool UseCompressedOops                        = true                           {product lp64_product} {ergonomic}
     bool UseG1GC                                  = true                                      {product} {ergonomic}
     bool UseNUMA                                  = false                                     {product} {ergonomic}
     bool UseNUMAInterleaving                      = false                                     {product} {ergonomic}

Logging:
Log output configuration:
 #0: stdout all=warning uptime,level,tags
 #1: stderr all=off uptime,level,tags

Environment Variables:
PATH=/usr/bin:/bin:/usr/sbin:/sbin
SHELL=/bin/zsh
DISPLAY=/private/tmp/com.apple.launchd.HWqjTd1JIB/org.macosforge.xquartz:0
LC_CTYPE=UTF-8
TMPDIR=/var/folders/b6/jhs8ttyj753dkhmd5mwq1ql40000gn/T/

Active Locale:
LC_ALL=C/UTF-8/C/C/C/C
LC_COLLATE=C
LC_CTYPE=UTF-8
LC_MESSAGES=C
LC_MONETARY=C
LC_NUMERIC=C
LC_TIME=C

Signal Handlers:
   SIGSEGV: crash_handler in libjvm.dylib, mask=11100110000111110111111111111111, flags=SA_RESTART|SA_SIGINFO, unblocked
    SIGBUS: crash_handler in libjvm.dylib, mask=11100110000111110111111111111111, flags=SA_RESTART|SA_SIGINFO, unblocked
    SIGFPE: crash_handler in libjvm.dylib, mask=11100110000111110111111111111111, flags=SA_RESTART|SA_SIGINFO, unblocked
   SIGPIPE: javaSignalHandler in libjvm.dylib, mask=11100110000111110111111111111111, flags=SA_RESTART|SA_SIGINFO, blocked
   SIGXFSZ: javaSignalHandler in libjvm.dylib, mask=11100110000111110111111111111111, flags=SA_RESTART|SA_SIGINFO, blocked
    SIGILL: crash_handler in libjvm.dylib, mask=11100110000111110111111111111111, flags=SA_RESTART|SA_SIGINFO, unblocked
   SIGUSR2: SR_handler in libjvm.dylib, mask=00100000000000000000000000000000, flags=SA_RESTART|SA_SIGINFO, blocked
    SIGHUP: UserHandler in libjvm.dylib, mask=11100110000111110111111111111111, flags=SA_RESTART|SA_SIGINFO, blocked
    SIGINT: SIG_IGN, mask=00000000000000000000000000000000, flags=none, blocked
   SIGTERM: UserHandler in libjvm.dylib, mask=11100110000111110111111111111111, flags=SA_RESTART|SA_SIGINFO, blocked
   SIGQUIT: UserHandler in libjvm.dylib, mask=11100110000111110111111111111111, flags=SA_RESTART|SA_SIGINFO, blocked
   SIGTRAP: crash_handler in libjvm.dylib, mask=11100110000111110111111111111111, flags=SA_RESTART|SA_SIGINFO, unblocked


Periodic native trim disabled


---------------  S Y S T E M  ---------------

OS:
uname: Darwin 21.6.0 Darwin Kernel Version 21.6.0: Sun Dec 17 22:55:27 PST 2023; root:xnu-8020.240.18.706.2~1/RELEASE_X86_64 x86_64
OS uptime: 0 days 13:03 hours
rlimit (soft/hard): STACK 8192k/65532k , CORE 0k/infinity , NPROC 1392/2088 , NOFILE 10240/infinity , AS infinity/infinity , CPU infinity/infinity , DATA infinity/infinity , FSIZE infinity/infinity , MEMLOCK infinity/infinity , RSS infinity/infinity
load average: 2.27 2.77 2.70

CPU: total 4 (initial active 4) (2 cores per cpu, 2 threads per core) family 6 model 61 stepping 4 microcode 0x2f, cx8, cmov, fxsr, ht, mmx, 3dnowpref, sse, sse2, sse3, ssse3, sse4.1, sse4.2, popcnt, lzcnt, tsc, tscinvbit, avx, avx2, aes, erms, clmul, bmi1, bmi2, rtm, adx, fma, vzeroupper, clflush
machdep.cpu.brand_string:Intel(R) Core(TM) i5-5350U CPU @ 1.80GHz
hw.cpufrequency:1800000000
hw.cpufrequency_min:1800000000
hw.cpufrequency_max:1800000000
hw.cachelinesize:64
hw.l1icachesize:32768
hw.l1dcachesize:32768
hw.l2cachesize:262144
hw.l3cachesize:3145728

Memory: 4k page, physical 8388608k(26820k free), swap 1048576k(851968k free)

vm_info: OpenJDK 64-Bit Server VM (17.0.9+9) for bsd-amd64 JRE (17.0.9+9), built on Oct 18 2023 08:05:15 by "admin" with clang Apple LLVM 12.0.0 (clang-1200.0.32.29)

END.
